::1 - - [22/May/2025:14:40:23 +0000] "POST /api/users HTTP/1.1" 500 52 "-" "PostmanRuntime/7.44.0"
::1 - - [22/May/2025:14:40:43 +0000] "POST /api/users HTTP/1.1" 500 52 "-" "PostmanRuntime/7.44.0"
::1 - - [22/May/2025:14:41:10 +0000] "POST /api/users HTTP/1.1" 500 52 "-" "PostmanRuntime/7.44.0"
::1 - - [22/May/2025:14:42:15 +0000] "POST /api/users HTTP/1.1" 500 52 "-" "PostmanRuntime/7.44.0"
::1 - - [22/May/2025:14:44:17 +0000] "POST /api/users HTTP/1.1" 500 52 "-" "PostmanRuntime/7.44.0"
::1 - - [22/May/2025:14:45:36 +0000] "POST /api/auth/login HTTP/1.1" 400 49 "-" "PostmanRuntime/7.44.0"
::1 - - [22/May/2025:14:46:22 +0000] "POST /api/users HTTP/1.1" 201 98 "-" "PostmanRuntime/7.44.0"
::1 - - [22/May/2025:14:46:55 +0000] "PUT /api/users/5 HTTP/1.1" 200 97 "-" "PostmanRuntime/7.44.0"
::1 - - [22/May/2025:14:46:59 +0000] "GET /api/users HTTP/1.1" 200 99 "-" "PostmanRuntime/7.44.0"
::1 - - [22/May/2025:14:49:20 +0000] "POST /api/users HTTP/1.1" 201 151 "-" "PostmanRuntime/7.44.0"
::1 - - [22/May/2025:14:49:25 +0000] "GET /api/users HTTP/1.1" 200 153 "-" "PostmanRuntime/7.44.0"
::1 - - [22/May/2025:14:49:32 +0000] "POST /api/users HTTP/1.1" 201 150 "-" "PostmanRuntime/7.44.0"
::1 - - [22/May/2025:14:50:51 +0000] "POST /api/users HTTP/1.1" 201 150 "-" "PostmanRuntime/7.44.0"
::1 - - [22/May/2025:14:50:57 +0000] "POST /api/auth/login HTTP/1.1" 404 44 "-" "PostmanRuntime/7.44.0"
::1 - - [22/May/2025:14:51:17 +0000] "POST /api/auth/login HTTP/1.1" 200 193 "-" "PostmanRuntime/7.44.0"
::1 - - [22/May/2025:14:52:59 +0000] "POST /api/auth/login HTTP/1.1" 200 193 "-" "PostmanRuntime/7.44.0"
::1 - - [22/May/2025:14:55:39 +0000] "POST /api/auth/login HTTP/1.1" 200 42 "-" "PostmanRuntime/7.44.0"
::1 - - [22/May/2025:14:55:58 +0000] "POST /api/auth/login HTTP/1.1" 200 42 "-" "PostmanRuntime/7.44.0"
::1 - - [22/May/2025:15:00:55 +0000] "GET /api/users HTTP/1.1" 401 25 "-" "PostmanRuntime/7.44.0"
::1 - - [22/May/2025:15:01:16 +0000] "POST /api/auth/login HTTP/1.1" 200 42 "-" "PostmanRuntime/7.44.0"
::1 - - [22/May/2025:15:01:43 +0000] "GET /api/users HTTP/1.1" 401 25 "-" "PostmanRuntime/7.44.0"
::1 - - [22/May/2025:15:01:44 +0000] "GET /api/users HTTP/1.1" 401 25 "-" "PostmanRuntime/7.44.0"
::1 - - [22/May/2025:15:02:02 +0000] "POST /api/auth/login HTTP/1.1" 200 42 "-" "PostmanRuntime/7.44.0"
::1 - - [22/May/2025:15:02:04 +0000] "POST /api/auth/login HTTP/1.1" 200 42 "-" "PostmanRuntime/7.44.0"
::1 - - [22/May/2025:15:02:08 +0000] "POST /api/auth/login HTTP/1.1" 200 42 "-" "PostmanRuntime/7.44.0"
::1 - - [22/May/2025:15:02:22 +0000] "GET /api/users HTTP/1.1" 401 25 "-" "PostmanRuntime/7.44.0"
::1 - - [22/May/2025:15:03:05 +0000] "POST /api/auth/login HTTP/1.1" 200 42 "-" "PostmanRuntime/7.44.0"
::1 - - [22/May/2025:15:03:19 +0000] "GET /api/users HTTP/1.1" 401 25 "-" "PostmanRuntime/7.44.0"
::1 - - [22/May/2025:15:03:28 +0000] "GET /api/users HTTP/1.1" 401 25 "-" "PostmanRuntime/7.44.0"
::1 - - [22/May/2025:15:03:43 +0000] "GET /api/users HTTP/1.1" 401 25 "-" "PostmanRuntime/7.44.0"
::1 - - [22/May/2025:15:03:52 +0000] "GET /api/users HTTP/1.1" 401 25 "-" "PostmanRuntime/7.44.0"
::1 - - [22/May/2025:15:05:06 +0000] "GET /api/users HTTP/1.1" 200 152 "-" "PostmanRuntime/7.44.0"
::1 - - [22/May/2025:15:07:51 +0000] "GET /api/users/1 HTTP/1.1" 404 54 "-" "PostmanRuntime/7.44.0"
::1 - - [22/May/2025:15:08:03 +0000] "GET /api/users/8 HTTP/1.1" 200 150 "-" "PostmanRuntime/7.44.0"
::1 - - [22/May/2025:15:17:54 +0000] "POST /api/users HTTP/1.1" 500 52 "-" "PostmanRuntime/7.44.0"
::1 - - [22/May/2025:15:18:54 +0000] "POST /api/users HTTP/1.1" 201 175 "-" "PostmanRuntime/7.44.0"
::1 - - [22/May/2025:15:19:03 +0000] "POST /api/users HTTP/1.1" 201 175 "-" "PostmanRuntime/7.44.0"
::1 - - [22/May/2025:15:20:02 +0000] "PUT /api/users/10 HTTP/1.1" 404 55 "-" "PostmanRuntime/7.44.0"
::1 - - [22/May/2025:15:20:12 +0000] "PUT /api/users/10 HTTP/1.1" 404 55 "-" "PostmanRuntime/7.44.0"
::1 - - [22/May/2025:15:20:43 +0000] "POST /api/users HTTP/1.1" 201 175 "-" "PostmanRuntime/7.44.0"
::1 - - [22/May/2025:15:20:48 +0000] "PUT /api/users/11 HTTP/1.1" 200 175 "-" "PostmanRuntime/7.44.0"
::1 - - [22/May/2025:15:20:52 +0000] "PUT /api/users/11 HTTP/1.1" 200 176 "-" "PostmanRuntime/7.44.0"
::1 - - [22/May/2025:15:21:54 +0000] "POST /api/users HTTP/1.1" 201 101 "-" "PostmanRuntime/7.44.0"
::1 - - [22/May/2025:15:22:09 +0000] "PUT /api/users/12 HTTP/1.1" 200 104 "-" "PostmanRuntime/7.44.0"
::1 - - [22/May/2025:15:22:15 +0000] "PUT /api/users/12 HTTP/1.1" 200 101 "-" "PostmanRuntime/7.44.0"
::1 - - [22/May/2025:15:22:19 +0000] "GET /api/users HTTP/1.1" 200 177 "-" "PostmanRuntime/7.44.0"
::1 - - [22/May/2025:15:22:23 +0000] "GET /api/users/8 HTTP/1.1" 404 54 "-" "PostmanRuntime/7.44.0"
::1 - - [22/May/2025:15:22:29 +0000] "GET /api/users/12 HTTP/1.1" 200 175 "-" "PostmanRuntime/7.44.0"
::1 - - [22/May/2025:15:23:20 +0000] "GET /api/users/12 HTTP/1.1" 200 101 "-" "PostmanRuntime/7.44.0"
::1 - - [22/May/2025:15:23:22 +0000] "GET /api/users HTTP/1.1" 200 103 "-" "PostmanRuntime/7.44.0"
::1 - - [22/May/2025:15:39:41 +0000] "GET /api/users HTTP/1.1" 200 103 "-" "PostmanRuntime/7.44.0"
::1 - - [22/May/2025:15:42:56 +0000] "POST /api/news HTTP/1.1" 201 192 "-" "PostmanRuntime/7.44.0"
::1 - - [22/May/2025:15:44:04 +0000] "PUT /api/news/1 HTTP/1.1" 200 193 "-" "PostmanRuntime/7.44.0"
::1 - - [22/May/2025:15:44:29 +0000] "GET /api/news HTTP/1.1" 200 195 "-" "PostmanRuntime/7.44.0"
::1 - - [22/May/2025:15:45:52 +0000] "POST /api/news HTTP/1.1" 201 220 "-" "PostmanRuntime/7.44.0"
::1 - - [22/May/2025:15:45:57 +0000] "PUT /api/news/1 HTTP/1.1" 200 221 "-" "PostmanRuntime/7.44.0"
::1 - - [22/May/2025:15:46:00 +0000] "GET /api/news HTTP/1.1" 200 416 "-" "PostmanRuntime/7.44.0"
::1 - - [22/May/2025:15:46:30 +0000] "GET /api/news/1 HTTP/1.1" 200 221 "-" "PostmanRuntime/7.44.0"
::1 - - [22/May/2025:15:52:55 +0000] "POST /api/news HTTP/1.1" 500 52 "-" "PostmanRuntime/7.44.0"
::1 - - [22/May/2025:15:54:30 +0000] "POST /api/news HTTP/1.1" 500 52 "-" "PostmanRuntime/7.44.0"
::1 - - [22/May/2025:15:56:29 +0000] "POST /api/news HTTP/1.1" 201 163 "-" "PostmanRuntime/7.44.0"
::1 - - [22/May/2025:15:56:36 +0000] "PUT /api/news/1 HTTP/1.1" 200 164 "-" "PostmanRuntime/7.44.0"
::1 - - [22/May/2025:15:56:46 +0000] "GET /api/news HTTP/1.1" 200 438 "-" "PostmanRuntime/7.44.0"
::1 - - [22/May/2025:15:57:50 +0000] "GET /api/news HTTP/1.1" 200 567 "-" "PostmanRuntime/7.44.0"
::1 - - [22/May/2025:15:59:47 +0000] "GET /api/news HTTP/1.1" 500 52 "-" "PostmanRuntime/7.44.0"
::1 - - [22/May/2025:16:00:01 +0000] "GET /api/news HTTP/1.1" 500 52 "-" "PostmanRuntime/7.44.0"
::1 - - [22/May/2025:16:01:29 +0000] "GET /api/news HTTP/1.1" 200 1038 "-" "PostmanRuntime/7.44.0"
::1 - - [22/May/2025:16:02:38 +0000] "GET /api/news HTTP/1.1" 200 816 "-" "PostmanRuntime/7.44.0"
::1 - - [22/May/2025:16:02:41 +0000] "GET /api/news/1 HTTP/1.1" 200 290 "-" "PostmanRuntime/7.44.0"
::1 - - [22/May/2025:16:03:21 +0000] "DELETE /api/news/3 HTTP/1.1" 401 25 "-" "PostmanRuntime/7.44.0"
::1 - - [22/May/2025:16:03:33 +0000] "POST /api/auth/login HTTP/1.1" 200 42 "-" "PostmanRuntime/7.44.0"
::1 - - [22/May/2025:16:03:36 +0000] "DELETE /api/news/3 HTTP/1.1" 200 58 "-" "PostmanRuntime/7.44.0"
::1 - - [22/May/2025:16:22:15 +0000] "GET /api/users HTTP/1.1" 200 103 "-" "PostmanRuntime/7.44.0"
::1 - - [22/May/2025:16:22:19 +0000] "POST /api/event HTTP/1.1" 404 149 "-" "PostmanRuntime/7.44.0"
::1 - - [22/May/2025:16:22:36 +0000] "POST /api/events HTTP/1.1" 500 52 "-" "PostmanRuntime/7.44.0"
::1 - - [22/May/2025:16:22:55 +0000] "POST /api/events HTTP/1.1" 500 52 "-" "PostmanRuntime/7.44.0"
::1 - - [22/May/2025:16:25:22 +0000] "POST /api/events HTTP/1.1" 500 52 "-" "PostmanRuntime/7.44.0"
::1 - - [22/May/2025:16:25:56 +0000] "POST /api/events HTTP/1.1" 201 515 "-" "PostmanRuntime/7.44.0"
::1 - - [22/May/2025:16:26:12 +0000] "PUT /api/news/4 HTTP/1.1" 404 54 "-" "PostmanRuntime/7.44.0"
::1 - - [22/May/2025:16:26:21 +0000] "GET /api/events HTTP/1.1" 200 303 "-" "PostmanRuntime/7.44.0"
::1 - - [22/May/2025:16:26:28 +0000] "PUT /api/events/4 HTTP/1.1" 200 515 "-" "PostmanRuntime/7.44.0"
::1 - - [22/May/2025:16:26:35 +0000] "GET /api/events/4 HTTP/1.1" 200 301 "-" "PostmanRuntime/7.44.0"
::1 - - [22/May/2025:16:27:21 +0000] "GET /api/events HTTP/1.1" 200 600 "-" "PostmanRuntime/7.44.0"
::1 - - [22/May/2025:16:28:11 +0000] "GET /api/events HTTP/1.1" 200 503 "-" "PostmanRuntime/7.44.0"
::1 - - [22/May/2025:16:29:09 +0000] "GET /api/events HTTP/1.1" 200 586 "-" "PostmanRuntime/7.44.0"
::1 - - [22/May/2025:16:29:13 +0000] "GET /api/events/4 HTTP/1.1" 200 584 "-" "PostmanRuntime/7.44.0"
::1 - - [22/May/2025:16:31:24 +0000] "POST /api/events HTTP/1.1" 201 515 "-" "PostmanRuntime/7.44.0"
::1 - - [22/May/2025:16:31:27 +0000] "GET /api/events HTTP/1.1" 200 1143 "-" "PostmanRuntime/7.44.0"
::1 - - [22/May/2025:16:31:37 +0000] "DELETE /api/events/5 HTTP/1.1" 200 59 "-" "PostmanRuntime/7.44.0"
::1 - - [22/May/2025:16:31:39 +0000] "GET /api/events HTTP/1.1" 200 586 "-" "PostmanRuntime/7.44.0"
::1 - - [23/May/2025:15:08:39 +0000] "POST /api/auth/login HTTP/1.1" 200 42 "-" "PostmanRuntime/7.44.0"
::1 - - [23/May/2025:15:08:42 +0000] "POST /api/course HTTP/1.1" 404 150 "-" "PostmanRuntime/7.44.0"
::1 - - [23/May/2025:15:12:30 +0000] "POST /api/courses HTTP/1.1" 500 52 "-" "PostmanRuntime/7.44.0"
::1 - - [23/May/2025:15:14:01 +0000] "POST /api/courses HTTP/1.1" 500 52 "-" "PostmanRuntime/7.44.0"
::1 - - [23/May/2025:15:15:29 +0000] "POST /api/courses HTTP/1.1" 201 326 "-" "PostmanRuntime/7.44.0"
::1 - - [23/May/2025:15:16:19 +0000] "POST /api/courses HTTP/1.1" 201 319 "-" "PostmanRuntime/7.44.0"
::1 - - [23/May/2025:15:25:51 +0000] "POST /api/courses HTTP/1.1" 201 369 "-" "PostmanRuntime/7.44.0"
::1 - - [23/May/2025:15:26:59 +0000] "PUT /api/courses/eff72601-d86d-47d2-9622-123326e2418a HTTP/1.1" 200 369 "-" "PostmanRuntime/7.44.0"
::1 - - [23/May/2025:15:27:06 +0000] "PUT /api/courses/eff72601-d86d-47d2-9622-123326e2418a HTTP/1.1" 200 376 "-" "PostmanRuntime/7.44.0"
::1 - - [23/May/2025:15:27:14 +0000] "GET /api/courses HTTP/1.1" 200 987 "-" "PostmanRuntime/7.44.0"
::1 - - [23/May/2025:15:27:45 +0000] "GET /api/cour HTTP/1.1" 404 147 "-" "PostmanRuntime/7.44.0"
::1 - - [23/May/2025:15:27:48 +0000] "POST /api/courses/eff72601-d86d-47d2-9622-123326e2418a HTTP/1.1" 404 188 "-" "PostmanRuntime/7.44.0"
::1 - - [23/May/2025:15:27:53 +0000] "POST /api/courses/eff72601-d86d-47d2-9622-123326e2418a HTTP/1.1" 404 188 "-" "PostmanRuntime/7.44.0"
::1 - - [23/May/2025:15:28:12 +0000] "GET /api/courses/eff72601-d86d-47d2-9622-123326e2418a HTTP/1.1" 200 369 "-" "PostmanRuntime/7.44.0"
::1 - - [23/May/2025:16:46:10 +0000] "GET /api/courses/eff72601-d86d-47d2-9622-123326e2418a HTTP/1.1" 500 52 "-" "PostmanRuntime/7.44.0"
::1 - - [23/May/2025:16:46:50 +0000] "GET /api/courses/eff72601-d86d-47d2-9622-123326e2418a HTTP/1.1" 200 384 "-" "PostmanRuntime/7.44.0"
::1 - - [23/May/2025:16:47:51 +0000] "GET /api/courses/eff72601-d86d-47d2-9622-123326e2418a HTTP/1.1" 200 384 "-" "PostmanRuntime/7.44.0"
::1 - - [23/May/2025:16:47:56 +0000] "GET /api/courses HTTP/1.1" 200 984 "-" "PostmanRuntime/7.44.0"
::1 - - [23/May/2025:16:48:03 +0000] "GET /api/courses/0bcc64fb-854d-4acc-b166-846d1af78e6f HTTP/1.1" 200 355 "-" "PostmanRuntime/7.44.0"
::1 - - [23/May/2025:16:49:13 +0000] "GET /api/courses/0bcc64fb-854d-4acc-b166-846d1af78e6f HTTP/1.1" 200 355 "-" "PostmanRuntime/7.44.0"
::1 - - [23/May/2025:16:50:47 +0000] "GET /api/courses/0bcc64fb-854d-4acc-b166-846d1af78e6f HTTP/1.1" 200 355 "-" "PostmanRuntime/7.44.0"
::1 - - [23/May/2025:16:50:49 +0000] "GET /api/courses HTTP/1.1" 200 1044 "-" "PostmanRuntime/7.44.0"
::1 - - [23/May/2025:16:52:31 +0000] "GET /api/courses HTTP/1.1" 200 984 "-" "PostmanRuntime/7.44.0"
::1 - - [23/May/2025:16:52:33 +0000] "GET /api/courses/0bcc64fb-854d-4acc-b166-846d1af78e6f HTTP/1.1" 200 355 "-" "PostmanRuntime/7.44.0"
::1 - - [23/May/2025:16:55:04 +0000] "GET /api/courses/0bcc64fb-854d-4acc-b166-846d1af78e6f HTTP/1.1" 500 52 "-" "PostmanRuntime/7.44.0"
::1 - - [23/May/2025:16:56:49 +0000] "GET /api/courses/0bcc64fb-854d-4acc-b166-846d1af78e6f HTTP/1.1" 500 52 "-" "PostmanRuntime/7.44.0"
::1 - - [23/May/2025:16:58:07 +0000] "GET /api/courses/0bcc64fb-854d-4acc-b166-846d1af78e6f HTTP/1.1" 200 1101 "-" "PostmanRuntime/7.44.0"
::1 - - [23/May/2025:16:58:52 +0000] "GET /api/courses HTTP/1.1" 200 984 "-" "PostmanRuntime/7.44.0"
::1 - - [24/May/2025:17:47:32 +0000] "POST /api/courses HTTP/1.1" 404 64 "-" "PostmanRuntime/7.44.0"
::1 - - [24/May/2025:17:50:07 +0000] "POST /api/courses HTTP/1.1" 201 32 "-" "PostmanRuntime/7.44.0"
::1 - - [24/May/2025:17:51:15 +0000] "POST /api/courses HTTP/1.1" 201 32 "-" "PostmanRuntime/7.44.0"
::1 - - [24/May/2025:17:52:48 +0000] "POST /api/courses HTTP/1.1" 201 32 "-" "PostmanRuntime/7.44.0"
::1 - - [24/May/2025:18:09:01 +0000] "GET /api/courses HTTP/1.1" 500 119 "-" "PostmanRuntime/7.44.0"
::1 - - [24/May/2025:18:09:21 +0000] "GET /api/courses HTTP/1.1" 500 119 "-" "PostmanRuntime/7.44.0"
::1 - - [24/May/2025:18:09:55 +0000] "GET /api/courses HTTP/1.1" 500 136 "-" "PostmanRuntime/7.44.0"
::1 - - [24/May/2025:18:11:15 +0000] "GET /api/courses HTTP/1.1" 500 136 "-" "PostmanRuntime/7.44.0"
::1 - - [24/May/2025:18:11:42 +0000] "GET /api/courses HTTP/1.1" 500 136 "-" "PostmanRuntime/7.44.0"
::1 - - [24/May/2025:18:12:04 +0000] "GET /api/courses HTTP/1.1" 500 136 "-" "PostmanRuntime/7.44.0"
::1 - - [24/May/2025:18:13:44 +0000] "GET /api/courses HTTP/1.1" 500 136 "-" "PostmanRuntime/7.44.0"
::1 - - [24/May/2025:18:14:02 +0000] "GET /api/courses HTTP/1.1" 500 136 "-" "PostmanRuntime/7.44.0"
::1 - - [24/May/2025:18:14:18 +0000] "GET /api/courses HTTP/1.1" 500 136 "-" "PostmanRuntime/7.44.0"
::1 - - [24/May/2025:18:15:18 +0000] "GET /api/courses HTTP/1.1" 500 136 "-" "PostmanRuntime/7.44.0"
::1 - - [24/May/2025:18:15:46 +0000] "GET /api/courses/0bcc64fb-854d-4acc-b166-846d1af78e6f HTTP/1.1" 500 135 "-" "PostmanRuntime/7.44.0"
::1 - - [24/May/2025:18:15:49 +0000] "GET /api/courses HTTP/1.1" 200 30 "-" "PostmanRuntime/7.44.0"
::1 - - [24/May/2025:18:17:38 +0000] "GET /api/courses HTTP/1.1" 500 136 "-" "PostmanRuntime/7.44.0"
::1 - - [24/May/2025:18:18:01 +0000] "GET /api/courses HTTP/1.1" 200 359 "-" "PostmanRuntime/7.44.0"
::1 - - [24/May/2025:18:19:37 +0000] "GET /api/courses HTTP/1.1" 200 1143 "-" "PostmanRuntime/7.44.0"
::1 - - [24/May/2025:18:20:37 +0000] "GET /api/courses HTTP/1.1" 500 162 "-" "PostmanRuntime/7.44.0"
::1 - - [24/May/2025:18:22:40 +0000] "GET /api/courses HTTP/1.1" 500 162 "-" "PostmanRuntime/7.44.0"
::1 - - [24/May/2025:18:22:58 +0000] "GET /api/courses HTTP/1.1" 500 136 "-" "PostmanRuntime/7.44.0"
::1 - - [24/May/2025:18:23:35 +0000] "GET /api/courses HTTP/1.1" 500 136 "-" "PostmanRuntime/7.44.0"
::1 - - [24/May/2025:18:28:19 +0000] "GET /api/courses HTTP/1.1" 200 1143 "-" "PostmanRuntime/7.44.0"
::1 - - [24/May/2025:18:29:09 +0000] "GET /api/courses HTTP/1.1" 200 963 "-" "PostmanRuntime/7.44.0"
::1 - - [24/May/2025:18:29:20 +0000] "GET /api/courses/3 HTTP/1.1" 200 397 "-" "PostmanRuntime/7.44.0"
::1 - - [24/May/2025:18:32:22 +0000] "GET /api/courses/3 HTTP/1.1" 500 90 "-" "PostmanRuntime/7.44.0"
::1 - - [24/May/2025:18:32:25 +0000] "GET /api/courses HTTP/1.1" 500 90 "-" "PostmanRuntime/7.44.0"
::1 - - [25/May/2025:05:38:40 +0000] "GET /api/courses HTTP/1.1" 401 25 "-" "PostmanRuntime/7.44.0"
::1 - - [25/May/2025:05:38:45 +0000] "POST /api/auth/login HTTP/1.1" 200 42 "-" "PostmanRuntime/7.44.0"
::1 - - [25/May/2025:05:38:48 +0000] "GET /api/courses HTTP/1.1" 200 5952 "-" "PostmanRuntime/7.44.0"
::1 - - [25/May/2025:05:39:23 +0000] "GET /api/courses HTTP/1.1" 200 6214 "-" "PostmanRuntime/7.44.0"
::1 - - [25/May/2025:05:40:26 +0000] "GET /api/courses/1 HTTP/1.1" 200 2082 "-" "PostmanRuntime/7.44.0"
::1 - - [25/May/2025:05:42:55 +0000] "GET /api/courses/1 HTTP/1.1" 200 2082 "-" "PostmanRuntime/7.44.0"
::1 - - [25/May/2025:05:47:53 +0000] "GET /api/courses/1 HTTP/1.1" 200 2090 "-" "PostmanRuntime/7.44.0"
::1 - - [25/May/2025:05:48:28 +0000] "GET /api/courses/1 HTTP/1.1" 200 2092 "-" "PostmanRuntime/7.44.0"
::1 - - [25/May/2025:05:48:37 +0000] "GET /api/courses/1 HTTP/1.1" 200 2090 "-" "PostmanRuntime/7.44.0"
::1 - - [25/May/2025:05:52:37 +0000] "GET /api/courses/1 HTTP/1.1" 200 2090 "-" "PostmanRuntime/7.44.0"
::1 - - [25/May/2025:05:53:49 +0000] "GET /api/courses/1 HTTP/1.1" 200 2180 "-" "PostmanRuntime/7.44.0"
::1 - - [25/May/2025:05:55:02 +0000] "GET /api/courses/1 HTTP/1.1" 200 2090 "-" "PostmanRuntime/7.44.0"
::1 - - [25/May/2025:05:56:28 +0000] "GET /api/courses/1 HTTP/1.1" 200 2228 "-" "PostmanRuntime/7.44.0"
::1 - - [25/May/2025:06:15:01 +0000] "GET /api/courses/1 HTTP/1.1" 200 2318 "-" "PostmanRuntime/7.44.0"
::1 - - [25/May/2025:06:15:30 +0000] "GET /api/courses/1 HTTP/1.1" 500 52 "-" "PostmanRuntime/7.44.0"
::1 - - [25/May/2025:06:15:39 +0000] "GET /api/courses/1 HTTP/1.1" 200 2228 "-" "PostmanRuntime/7.44.0"
::1 - - [25/May/2025:06:16:19 +0000] "GET /api/courses/1 HTTP/1.1" 200 2090 "-" "PostmanRuntime/7.44.0"
::1 - - [25/May/2025:06:18:15 +0000] "GET /api/courses/1 HTTP/1.1" 200 2090 "-" "PostmanRuntime/7.44.0"
::1 - - [25/May/2025:06:19:01 +0000] "GET /api/courses/1 HTTP/1.1" 200 2228 "-" "PostmanRuntime/7.44.0"
::1 - - [25/May/2025:06:20:13 +0000] "GET /api/courses/1 HTTP/1.1" 500 52 "-" "PostmanRuntime/7.44.0"
::1 - - [25/May/2025:06:20:45 +0000] "GET /api/courses/1 HTTP/1.1" 200 8186 "-" "PostmanRuntime/7.44.0"
::1 - - [25/May/2025:06:22:15 +0000] "GET /api/courses/1 HTTP/1.1" 500 52 "-" "PostmanRuntime/7.44.0"
::1 - - [25/May/2025:06:23:12 +0000] "GET /api/courses/1 HTTP/1.1" 200 8186 "-" "PostmanRuntime/7.44.0"
::1 - - [25/May/2025:06:25:51 +0000] "GET /api/courses/1 HTTP/1.1" 404 56 "-" "PostmanRuntime/7.44.0"
::1 - - [25/May/2025:06:26:20 +0000] "GET /api/courses/1 HTTP/1.1" 404 56 "-" "PostmanRuntime/7.44.0"
::1 - - [25/May/2025:06:26:40 +0000] "GET /api/courses/1 HTTP/1.1" 500 52 "-" "PostmanRuntime/7.44.0"
::1 - - [25/May/2025:06:28:03 +0000] "GET /api/courses/1 HTTP/1.1" 500 52 "-" "PostmanRuntime/7.44.0"
::1 - - [25/May/2025:06:29:14 +0000] "GET /api/courses/1 HTTP/1.1" 500 52 "-" "PostmanRuntime/7.44.0"
::1 - - [25/May/2025:06:30:12 +0000] "GET /api/courses/1 HTTP/1.1" 500 52 "-" "PostmanRuntime/7.44.0"
::1 - - [25/May/2025:06:30:42 +0000] "GET /api/courses/1 HTTP/1.1" 500 52 "-" "PostmanRuntime/7.44.0"
::1 - - [25/May/2025:06:31:12 +0000] "GET /api/courses/1 HTTP/1.1" 404 56 "-" "PostmanRuntime/7.44.0"
::1 - - [25/May/2025:06:32:00 +0000] "GET /api/courses/1 HTTP/1.1" 500 52 "-" "PostmanRuntime/7.44.0"
::1 - - [25/May/2025:06:32:16 +0000] "GET /api/courses/1 HTTP/1.1" 500 52 "-" "PostmanRuntime/7.44.0"
::1 - - [25/May/2025:06:32:43 +0000] "GET /api/courses/1 HTTP/1.1" 404 56 "-" "PostmanRuntime/7.44.0"
::1 - - [25/May/2025:06:33:56 +0000] "GET /api/courses/1 HTTP/1.1" 404 56 "-" "PostmanRuntime/7.44.0"
::1 - - [25/May/2025:06:34:44 +0000] "GET /api/courses/1 HTTP/1.1" 404 56 "-" "PostmanRuntime/7.44.0"
::1 - - [25/May/2025:06:35:49 +0000] "GET /api/courses/1 HTTP/1.1" 404 56 "-" "PostmanRuntime/7.44.0"
::1 - - [25/May/2025:06:36:59 +0000] "GET /api/courses/1 HTTP/1.1" 500 52 "-" "PostmanRuntime/7.44.0"
::1 - - [25/May/2025:06:37:35 +0000] "GET /api/courses/1 HTTP/1.1" 404 56 "-" "PostmanRuntime/7.44.0"
::1 - - [25/May/2025:06:45:54 +0000] "GET /api/courses/1 HTTP/1.1" 401 25 "-" "PostmanRuntime/7.44.0"
::1 - - [25/May/2025:06:45:57 +0000] "POST /api/auth/login HTTP/1.1" 200 42 "-" "PostmanRuntime/7.44.0"
::1 - - [25/May/2025:06:45:58 +0000] "GET /api/courses/1 HTTP/1.1" 200 638 "-" "PostmanRuntime/7.44.0"
::1 - - [25/May/2025:06:48:23 +0000] "GET /api/courses/1 HTTP/1.1" 200 638 "-" "PostmanRuntime/7.44.0"
::1 - - [25/May/2025:06:53:32 +0000] "GET /api/courses/1 HTTP/1.1" 200 2852 "-" "PostmanRuntime/7.44.0"
::1 - - [25/May/2025:06:54:05 +0000] "GET /api/courses/1 HTTP/1.1" 200 8810 "-" "PostmanRuntime/7.44.0"
::1 - - [25/May/2025:06:55:23 +0000] "GET /api/courses HTTP/1.1" 200 5960 "-" "PostmanRuntime/7.44.0"
::1 - - [25/May/2025:06:56:00 +0000] "GET /api/courses/1 HTTP/1.1" 200 8810 "-" "PostmanRuntime/7.44.0"
::1 - - [25/May/2025:06:59:06 +0000] "GET /api/courses HTTP/1.1" 200 5960 "-" "PostmanRuntime/7.44.0"
::1 - - [25/May/2025:08:30:48 +0000] "POST /api/auth/login HTTP/1.1" 200 42 "-" "PostmanRuntime/7.44.0"
::1 - - [25/May/2025:08:55:32 +0000] "GET /api/courses HTTP/1.1" 200 5960 "-" "PostmanRuntime/7.44.0"
::1 - - [25/May/2025:09:03:52 +0000] "POST /api/courses HTTP/1.1" 500 52 "-" "PostmanRuntime/7.44.0"
::1 - - [25/May/2025:09:04:56 +0000] "POST /api/courses HTTP/1.1" 201 664 "-" "PostmanRuntime/7.44.0"
::1 - - [25/May/2025:09:13:48 +0000] "POST /api/courses HTTP/1.1" 500 52 "-" "PostmanRuntime/7.44.0"
::1 - - [25/May/2025:09:14:02 +0000] "POST /api/courses HTTP/1.1" 500 52 "-" "PostmanRuntime/7.44.0"
::1 - - [25/May/2025:09:14:28 +0000] "POST /api/courses HTTP/1.1" 500 52 "-" "PostmanRuntime/7.44.0"
::1 - - [25/May/2025:09:15:02 +0000] "POST /api/courses HTTP/1.1" 201 234 "-" "PostmanRuntime/7.44.0"
::1 - - [25/May/2025:09:22:42 +0000] "POST /api/courses HTTP/1.1" 201 237 "-" "PostmanRuntime/7.44.0"
::1 - - [25/May/2025:09:33:51 +0000] "POST /api/courses HTTP/1.1" 401 25 "-" "PostmanRuntime/7.44.0"
::1 - - [25/May/2025:09:33:54 +0000] "POST /api/auth/login HTTP/1.1" 200 42 "-" "PostmanRuntime/7.44.0"
::1 - - [25/May/2025:09:33:55 +0000] "POST /api/courses HTTP/1.1" 201 263 "-" "PostmanRuntime/7.44.0"
::1 - - [25/May/2025:09:35:05 +0000] "POST /api/courses HTTP/1.1" 201 263 "-" "PostmanRuntime/7.44.0"
::1 - - [25/May/2025:09:36:17 +0000] "POST /api/courses HTTP/1.1" 201 259 "-" "PostmanRuntime/7.44.0"
::1 - - [25/May/2025:09:58:16 +0000] "POST /api/courses HTTP/1.1" 201 743 "-" "PostmanRuntime/7.44.0"
::1 - - [25/May/2025:09:59:39 +0000] "POST /api/courses HTTP/1.1" 201 663 "-" "PostmanRuntime/7.44.0"
::1 - - [25/May/2025:10:01:07 +0000] "POST /api/courses HTTP/1.1" 201 30 "-" "PostmanRuntime/7.44.0"
::1 - - [25/May/2025:10:01:46 +0000] "POST /api/courses HTTP/1.1" 201 37 "-" "PostmanRuntime/7.44.0"
::1 - - [25/May/2025:10:01:49 +0000] "GET /api/courses HTTP/1.1" 200 8504 "-" "PostmanRuntime/7.44.0"
::1 - - [25/May/2025:10:03:27 +0000] "POST /api/courses HTTP/1.1" 201 37 "-" "PostmanRuntime/7.44.0"
::1 - - [25/May/2025:10:03:37 +0000] "GET /api/courses HTTP/1.1" 200 6596 "-" "PostmanRuntime/7.44.0"
::1 - - [25/May/2025:10:03:46 +0000] "GET /api/courses/17 HTTP/1.1" 200 3828 "-" "PostmanRuntime/7.44.0"
::1 - - [25/May/2025:10:09:14 +0000] "GET /api/courses/17 HTTP/1.1" 200 3828 "-" "PostmanRuntime/7.44.0"
::1 - - [25/May/2025:10:10:25 +0000] "POST /api/courses HTTP/1.1" 201 37 "-" "PostmanRuntime/7.44.0"
::1 - - [25/May/2025:10:12:33 +0000] "POST /api/courses HTTP/1.1" 201 37 "-" "PostmanRuntime/7.44.0"
::1 - - [25/May/2025:10:14:13 +0000] "POST /api/courses HTTP/1.1" 201 37 "-" "PostmanRuntime/7.44.0"
::1 - - [25/May/2025:10:15:59 +0000] "POST /api/courses HTTP/1.1" 201 37 "-" "PostmanRuntime/7.44.0"
::1 - - [25/May/2025:10:16:04 +0000] "GET /api/courses/21 HTTP/1.1" 200 3467 "-" "PostmanRuntime/7.44.0"
::1 - - [25/May/2025:11:07:39 +0000] "GET /api/courses HTTP/1.1" 401 25 "-" "PostmanRuntime/7.44.0"
::1 - - [25/May/2025:11:07:41 +0000] "POST /api/auth/login HTTP/1.1" 200 42 "-" "PostmanRuntime/7.44.0"
::1 - - [25/May/2025:11:07:43 +0000] "GET /api/courses HTTP/1.1" 200 8504 "-" "PostmanRuntime/7.44.0"
::1 - - [25/May/2025:11:11:30 +0000] "GET /api/courses HTTP/1.1" 200 5960 "-" "PostmanRuntime/7.44.0"
::1 - - [25/May/2025:11:11:35 +0000] "POST /api/courses HTTP/1.1" 201 37 "-" "PostmanRuntime/7.44.0"
::1 - - [25/May/2025:11:11:39 +0000] "GET /api/courses/22 HTTP/1.1" 200 3467 "-" "PostmanRuntime/7.44.0"
::1 - - [25/May/2025:11:11:50 +0000] "GET /api/courses/2 HTTP/1.1" 200 2024 "-" "PostmanRuntime/7.44.0"
::1 - - [25/May/2025:11:12:07 +0000] "GET /api/courses/3 HTTP/1.1" 200 2024 "-" "PostmanRuntime/7.44.0"
::1 - - [25/May/2025:11:23:30 +0000] "GET /api/courses HTTP/1.1" 200 6596 "-" "PostmanRuntime/7.44.0"
::1 - - [25/May/2025:11:24:58 +0000] "GET /api/courses/22 HTTP/1.1" 200 3467 "-" "PostmanRuntime/7.44.0"
::1 - - [25/May/2025:11:27:49 +0000] "PUT /api/courses HTTP/1.1" 404 150 "-" "PostmanRuntime/7.44.0"
::1 - - [25/May/2025:11:27:57 +0000] "PUT /api/courses/22 HTTP/1.1" 500 52 "-" "PostmanRuntime/7.44.0"
::1 - - [25/May/2025:11:30:19 +0000] "PUT /api/courses/22 HTTP/1.1" 200 692 "-" "PostmanRuntime/7.44.0"
::1 - - [25/May/2025:11:30:27 +0000] "GET /api/courses/22 HTTP/1.1" 200 2961 "-" "PostmanRuntime/7.44.0"
::1 - - [25/May/2025:11:31:58 +0000] "GET /api/courses HTTP/1.1" 200 6625 "-" "PostmanRuntime/7.44.0"
::1 - - [25/May/2025:11:32:20 +0000] "POST /api/courses HTTP/1.1" 201 37 "-" "PostmanRuntime/7.44.0"
::1 - - [25/May/2025:11:32:24 +0000] "GET /api/courses/23 HTTP/1.1" 200 3467 "-" "PostmanRuntime/7.44.0"
::1 - - [25/May/2025:11:33:36 +0000] "PUT /api/courses/22 HTTP/1.1" 500 52 "-" "PostmanRuntime/7.44.0"
::1 - - [25/May/2025:11:33:44 +0000] "PUT /api/courses/23 HTTP/1.1" 200 667 "-" "PostmanRuntime/7.44.0"
::1 - - [25/May/2025:11:35:50 +0000] "GET /api/courses/23 HTTP/1.1" 200 2861 "-" "PostmanRuntime/7.44.0"
::1 - - [25/May/2025:11:36:17 +0000] "POST /api/courses HTTP/1.1" 201 37 "-" "PostmanRuntime/7.44.0"
::1 - - [25/May/2025:11:36:28 +0000] "GET /api/courses HTTP/1.1" 200 6596 "-" "PostmanRuntime/7.44.0"
::1 - - [25/May/2025:11:36:34 +0000] "GET /api/courses/24 HTTP/1.1" 200 3467 "-" "PostmanRuntime/7.44.0"
::1 - - [25/May/2025:11:37:10 +0000] "PUT /api/courses/24 HTTP/1.1" 200 2873 "-" "PostmanRuntime/7.44.0"
::1 - - [25/May/2025:11:38:27 +0000] "GET /api/courses/24 HTTP/1.1" 200 2873 "-" "PostmanRuntime/7.44.0"
::1 - - [25/May/2025:11:38:46 +0000] "POST /api/courses HTTP/1.1" 201 37 "-" "PostmanRuntime/7.44.0"
::1 - - [25/May/2025:11:38:50 +0000] "GET /api/courses/25 HTTP/1.1" 200 3467 "-" "PostmanRuntime/7.44.0"
::1 - - [25/May/2025:11:40:32 +0000] "PUT /api/courses/24 HTTP/1.1" 500 52 "-" "PostmanRuntime/7.44.0"
::1 - - [25/May/2025:11:40:42 +0000] "PUT /api/courses/25 HTTP/1.1" 200 670 "-" "PostmanRuntime/7.44.0"
::1 - - [25/May/2025:11:42:47 +0000] "GET /api/courses/25 HTTP/1.1" 500 52 "-" "PostmanRuntime/7.44.0"
::1 - - [25/May/2025:11:43:34 +0000] "GET /api/courses/25 HTTP/1.1" 404 57 "-" "PostmanRuntime/7.44.0"
::1 - - [25/May/2025:11:43:39 +0000] "POST /api/courses HTTP/1.1" 201 37 "-" "PostmanRuntime/7.44.0"
::1 - - [25/May/2025:11:43:43 +0000] "GET /api/courses/26 HTTP/1.1" 200 3468 "-" "PostmanRuntime/7.44.0"
::1 - - [25/May/2025:11:44:34 +0000] "PUT /api/courses/25 HTTP/1.1" 404 57 "-" "PostmanRuntime/7.44.0"
::1 - - [25/May/2025:11:44:38 +0000] "PUT /api/courses/26 HTTP/1.1" 200 667 "-" "PostmanRuntime/7.44.0"
::1 - - [25/May/2025:11:44:43 +0000] "GET /api/courses/26 HTTP/1.1" 200 3532 "-" "PostmanRuntime/7.44.0"
::1 - - [25/May/2025:11:46:21 +0000] "GET /api/courses HTTP/1.1" 200 6600 "-" "PostmanRuntime/7.44.0"
::1 - - [25/May/2025:11:48:23 +0000] "GET /api/courses/26 HTTP/1.1" 200 1585 "-" "PostmanRuntime/7.44.0"
::1 - - [25/May/2025:11:53:32 +0000] "GET /api/courses/26 HTTP/1.1" 200 6224 "-" "PostmanRuntime/7.44.0"
::1 - - [25/May/2025:11:54:31 +0000] "GET /api/courses/26 HTTP/1.1" 200 6224 "-" "PostmanRuntime/7.44.0"
::1 - - [25/May/2025:11:54:37 +0000] "GET /api/courses/26 HTTP/1.1" 200 6224 "-" "PostmanRuntime/7.44.0"
::1 - - [25/May/2025:11:54:39 +0000] "GET /api/courses/26 HTTP/1.1" 200 6224 "-" "PostmanRuntime/7.44.0"
::1 - - [25/May/2025:11:54:40 +0000] "GET /api/courses/26 HTTP/1.1" 200 6224 "-" "PostmanRuntime/7.44.0"
::1 - - [25/May/2025:12:02:17 +0000] "GET /api/courses/26 HTTP/1.1" 200 6209 "-" "PostmanRuntime/7.44.0"
::1 - - [25/May/2025:12:04:40 +0000] "GET /api/courses HTTP/1.1" 200 6600 "-" "PostmanRuntime/7.44.0"
::1 - - [25/May/2025:12:09:08 +0000] "GET /api/courses/26 HTTP/1.1" 401 25 "-" "PostmanRuntime/7.44.0"
::1 - - [25/May/2025:12:09:11 +0000] "POST /api/auth/login HTTP/1.1" 200 42 "-" "PostmanRuntime/7.44.0"
::1 - - [25/May/2025:12:09:16 +0000] "GET /api/courses/26 HTTP/1.1" 200 6209 "-" "PostmanRuntime/7.44.0"
::1 - - [25/May/2025:12:09:43 +0000] "DELETE /api/course/26 HTTP/1.1" 404 155 "-" "PostmanRuntime/7.44.0"
::1 - - [25/May/2025:12:10:00 +0000] "DELETE /api/courses/26 HTTP/1.1" 200 60 "-" "PostmanRuntime/7.44.0"
::1 - - [25/May/2025:12:10:04 +0000] "GET /api/courses/26 HTTP/1.1" 404 57 "-" "PostmanRuntime/7.44.0"
::1 - - [25/May/2025:13:02:09 +0000] "POST /api/wiki HTTP/1.1" 404 148 "-" "PostmanRuntime/7.44.0"
::1 - - [25/May/2025:13:02:25 +0000] "GET /api/wiki HTTP/1.1" 404 147 "-" "PostmanRuntime/7.44.0"
::1 - - [25/May/2025:13:02:44 +0000] "GET /api/wikis HTTP/1.1" 500 52 "-" "PostmanRuntime/7.44.0"
::1 - - [25/May/2025:13:03:40 +0000] "GET /api/wikis HTTP/1.1" 500 52 "-" "PostmanRuntime/7.44.0"
::1 - - [25/May/2025:13:05:10 +0000] "GET /api/wikis HTTP/1.1" 200 30 "-" "PostmanRuntime/7.44.0"
::1 - - [25/May/2025:13:07:11 +0000] "GET /api/wikis HTTP/1.1" 200 640 "-" "PostmanRuntime/7.44.0"
::1 - - [25/May/2025:13:07:46 +0000] "GET /api/wikis HTTP/1.1" 200 978 "-" "PostmanRuntime/7.44.0"
::1 - - [25/May/2025:13:18:41 +0000] "GET /api/wikis HTTP/1.1" 200 978 "-" "PostmanRuntime/7.44.0"
::1 - - [25/May/2025:13:20:49 +0000] "GET /api/wikis HTTP/1.1" 200 978 "-" "PostmanRuntime/7.44.0"
::1 - - [25/May/2025:13:20:51 +0000] "POST /api/wiki HTTP/1.1" 404 148 "-" "PostmanRuntime/7.44.0"
::1 - - [25/May/2025:13:20:54 +0000] "POST /api/wikis HTTP/1.1" 401 25 "-" "PostmanRuntime/7.44.0"
::1 - - [25/May/2025:13:20:59 +0000] "POST /api/auth/login HTTP/1.1" 200 42 "-" "PostmanRuntime/7.44.0"
::1 - - [25/May/2025:13:21:01 +0000] "POST /api/wikis HTTP/1.1" 500 52 "-" "PostmanRuntime/7.44.0"
::1 - - [25/May/2025:13:22:08 +0000] "POST /api/wikis HTTP/1.1" 500 52 "-" "PostmanRuntime/7.44.0"
::1 - - [25/May/2025:13:22:41 +0000] "POST /api/wikis HTTP/1.1" 200 29 "-" "PostmanRuntime/7.44.0"
::1 - - [25/May/2025:13:22:57 +0000] "POST /api/wikis HTTP/1.1" 200 36 "-" "PostmanRuntime/7.44.0"
::1 - - [25/May/2025:13:23:00 +0000] "GET /api/wikis HTTP/1.1" 200 2586 "-" "PostmanRuntime/7.44.0"
::1 - - [25/May/2025:13:27:04 +0000] "POST /api/wikis HTTP/1.1" 201 29 "-" "PostmanRuntime/7.44.0"
::1 - - [25/May/2025:13:27:43 +0000] "GET /api/wikis HTTP/1.1" 200 941 "-" "PostmanRuntime/7.44.0"
::1 - - [25/May/2025:13:28:39 +0000] "PUT /api/wikis/6 HTTP/1.1" 404 54 "-" "PostmanRuntime/7.44.0"
::1 - - [25/May/2025:13:28:45 +0000] "GET /api/wikis HTTP/1.1" 200 941 "-" "PostmanRuntime/7.44.0"
::1 - - [25/May/2025:13:36:35 +0000] "GET /api/wikis HTTP/1.1" 200 941 "-" "PostmanRuntime/7.44.0"
::1 - - [25/May/2025:13:36:41 +0000] "PUT /api/wikis/6 HTTP/1.1" 404 54 "-" "PostmanRuntime/7.44.0"
::1 - - [25/May/2025:13:37:05 +0000] "GET /api/wikis HTTP/1.1" 200 948 "-" "PostmanRuntime/7.44.0"
::1 - - [25/May/2025:13:37:10 +0000] "PUT /api/wikis/6 HTTP/1.1" 404 54 "-" "PostmanRuntime/7.44.0"
::1 - - [25/May/2025:13:37:58 +0000] "GET /api/wikis HTTP/1.1" 200 948 "-" "PostmanRuntime/7.44.0"
::1 - - [25/May/2025:13:38:18 +0000] "POST /api/wikis HTTP/1.1" 201 36 "-" "PostmanRuntime/7.44.0"
::1 - - [25/May/2025:13:38:22 +0000] "GET /api/wikis HTTP/1.1" 200 942 "-" "PostmanRuntime/7.44.0"
::1 - - [25/May/2025:13:38:48 +0000] "PUT /api/wikis/6 HTTP/1.1" 404 55 "-" "PostmanRuntime/7.44.0"
::1 - - [25/May/2025:13:38:55 +0000] "PUT /api/wikis/7 HTTP/1.1" 200 41 "-" "PostmanRuntime/7.44.0"
::1 - - [25/May/2025:13:39:10 +0000] "GET /api/wikis HTTP/1.1" 200 949 "-" "PostmanRuntime/7.44.0"
::1 - - [25/May/2025:13:39:27 +0000] "PUT /api/wikis/7 HTTP/1.1" 200 32 "-" "PostmanRuntime/7.44.0"
::1 - - [25/May/2025:13:39:29 +0000] "GET /api/wikis HTTP/1.1" 200 949 "-" "PostmanRuntime/7.44.0"
::1 - - [25/May/2025:13:40:21 +0000] "GET /api/wikis HTTP/1.1" 200 949 "-" "PostmanRuntime/7.44.0"
::1 - - [25/May/2025:13:40:38 +0000] "GET /api/wikis HTTP/1.1" 200 30 "-" "PostmanRuntime/7.44.0"
::1 - - [25/May/2025:13:40:40 +0000] "POST /api/wikis HTTP/1.1" 201 37 "-" "PostmanRuntime/7.44.0"
::1 - - [25/May/2025:13:40:42 +0000] "GET /api/wikis HTTP/1.1" 200 943 "-" "PostmanRuntime/7.44.0"
::1 - - [25/May/2025:13:41:07 +0000] "PUT /api/wikis/8 HTTP/1.1" 200 32 "-" "PostmanRuntime/7.44.0"
::1 - - [25/May/2025:13:41:09 +0000] "GET /api/wikis HTTP/1.1" 200 947 "-" "PostmanRuntime/7.44.0"
::1 - - [25/May/2025:13:42:43 +0000] "GET /api/wikis HTTP/1.1" 200 947 "-" "PostmanRuntime/7.44.0"
::1 - - [25/May/2025:13:42:45 +0000] "PUT /api/wikis/8 HTTP/1.1" 200 32 "-" "PostmanRuntime/7.44.0"
::1 - - [25/May/2025:13:42:58 +0000] "PUT /api/wikis/8 HTTP/1.1" 200 32 "-" "PostmanRuntime/7.44.0"
::1 - - [25/May/2025:13:43:37 +0000] "PUT /api/wikis/8 HTTP/1.1" 200 32 "-" "PostmanRuntime/7.44.0"
::1 - - [25/May/2025:13:45:53 +0000] "GET /api/wikis HTTP/1.1" 200 947 "-" "PostmanRuntime/7.44.0"
::1 - - [25/May/2025:13:46:44 +0000] "GET /api/wikis HTTP/1.1" 200 947 "-" "PostmanRuntime/7.44.0"
::1 - - [25/May/2025:13:47:08 +0000] "PUT /api/wikis/8 HTTP/1.1" 200 32 "-" "PostmanRuntime/7.44.0"
::1 - - [25/May/2025:13:47:10 +0000] "GET /api/wikis HTTP/1.1" 200 947 "-" "PostmanRuntime/7.44.0"
::1 - - [25/May/2025:13:47:22 +0000] "GET /api/wikis HTTP/1.1" 200 947 "-" "PostmanRuntime/7.44.0"
::1 - - [25/May/2025:13:47:35 +0000] "GET /api/wikis HTTP/1.1" 200 947 "-" "PostmanRuntime/7.44.0"
::1 - - [25/May/2025:13:47:47 +0000] "PUT /api/wikis/8 HTTP/1.1" 200 32 "-" "PostmanRuntime/7.44.0"
::1 - - [25/May/2025:13:49:49 +0000] "PUT /api/wikis/8 HTTP/1.1" 500 52 "-" "PostmanRuntime/7.44.0"
::1 - - [25/May/2025:13:50:55 +0000] "PUT /api/wikis/8 HTTP/1.1" 200 32 "-" "PostmanRuntime/7.44.0"
::1 - - [25/May/2025:13:50:57 +0000] "GET /api/wikis HTTP/1.1" 200 958 "-" "PostmanRuntime/7.44.0"
::1 - - [25/May/2025:13:51:34 +0000] "PUT /api/wikis/8 HTTP/1.1" 200 32 "-" "PostmanRuntime/7.44.0"
::1 - - [25/May/2025:13:51:36 +0000] "GET /api/wikis HTTP/1.1" 200 958 "-" "PostmanRuntime/7.44.0"
::1 - - [25/May/2025:13:54:52 +0000] "GET /api/wikis HTTP/1.1" 200 958 "-" "PostmanRuntime/7.44.0"
::1 - - [25/May/2025:13:55:22 +0000] "DELETE /api/wikis/11 HTTP/1.1" 500 52 "-" "PostmanRuntime/7.44.0"
::1 - - [25/May/2025:13:56:55 +0000] "GET /api/wikis HTTP/1.1" 200 958 "-" "PostmanRuntime/7.44.0"
::1 - - [25/May/2025:13:56:58 +0000] "DELETE /api/wikis/11 HTTP/1.1" 200 58 "-" "PostmanRuntime/7.44.0"
::1 - - [25/May/2025:13:57:01 +0000] "GET /api/wikis HTTP/1.1" 200 561 "-" "PostmanRuntime/7.44.0"
::1 - - [25/May/2025:14:00:36 +0000] "GET /api/wikis HTTP/1.1" 200 561 "-" "PostmanRuntime/7.44.0"
::1 - - [25/May/2025:14:00:41 +0000] "DELETE /api/topic/8 HTTP/1.1" 404 153 "-" "PostmanRuntime/7.44.0"
::1 - - [25/May/2025:14:00:57 +0000] "DELETE /api/topics/8 HTTP/1.1" 500 52 "-" "PostmanRuntime/7.44.0"
::1 - - [25/May/2025:14:02:21 +0000] "DELETE /api/topics/8 HTTP/1.1" 200 59 "-" "PostmanRuntime/7.44.0"
::1 - - [25/May/2025:14:02:24 +0000] "GET /api/wikis HTTP/1.1" 200 30 "-" "PostmanRuntime/7.44.0"
::1 - - [25/May/2025:14:02:35 +0000] "POST /api/wikis HTTP/1.1" 201 37 "-" "PostmanRuntime/7.44.0"
::1 - - [25/May/2025:14:03:21 +0000] "GET /api/wikis HTTP/1.1" 200 943 "-" "PostmanRuntime/7.44.0"
::1 - - [25/May/2025:14:03:27 +0000] "POST /api/wikis HTTP/1.1" 201 37 "-" "PostmanRuntime/7.44.0"
::1 - - [25/May/2025:14:03:29 +0000] "GET /api/wikis HTTP/1.1" 200 1860 "-" "PostmanRuntime/7.44.0"
::1 - - [25/May/2025:14:06:02 +0000] "GET /api/wikis HTTP/1.1" 200 1860 "-" "PostmanRuntime/7.44.0"
::1 - - [25/May/2025:14:06:57 +0000] "GET /api/wikis/10 HTTP/1.1" 404 151 "-" "PostmanRuntime/7.44.0"
::1 - - [25/May/2025:14:07:00 +0000] "GET /api/wikis HTTP/1.1" 200 1860 "-" "PostmanRuntime/7.44.0"
::1 - - [25/May/2025:14:07:53 +0000] "GET /api/topics/10 HTTP/1.1" 200 916 "-" "PostmanRuntime/7.44.0"
::1 - - [25/May/2025:14:08:16 +0000] "GET /api/wikis/10 HTTP/1.1" 404 151 "-" "PostmanRuntime/7.44.0"
::1 - - [25/May/2025:14:09:15 +0000] "GET /api/wikis/10 HTTP/1.1" 404 55 "-" "PostmanRuntime/7.44.0"
::1 - - [25/May/2025:14:09:20 +0000] "GET /api/wikis HTTP/1.1" 200 1860 "-" "PostmanRuntime/7.44.0"
::1 - - [25/May/2025:14:09:27 +0000] "GET /api/wikis/13 HTTP/1.1" 200 657 "-" "PostmanRuntime/7.44.0"
::1 - - [25/May/2025:14:10:14 +0000] "GET /api/wikis/13 HTTP/1.1" 200 685 "-" "PostmanRuntime/7.44.0"
